"A:/Documents/Unreal Projects/Avalon/Content/Mannequin/Character/Mesh/UE4_Mannequin_Skeleton.uasset" 0
"A:/Documents/Unreal Projects/Avalon/Content/Mannequin/Animations/ThirdPersonJump_End.uasset" 1
"../../../Engine/Content/EditorBlueprintResources/StandardMacros.uasset" 2
"A:/Documents/Unreal Projects/Avalon/Content/TeamAvalonMadeContent/Mesehs/Weapons/Starter/Poweblade.uasset" 3
"A:/Documents/Unreal Projects/Avalon/Content/TeamAvalonMadeContent/Mesehs/Weapons/Starter/Pommel.uasset" 4
"A:/Documents/Unreal Projects/Avalon/Content/TeamAvalonMadeContent/Mesehs/Weapons/Starter/Mouth.uasset" 5
"A:/Documents/Unreal Projects/Avalon/Content/TeamAvalonMadeContent/Mesehs/Weapons/Starter/HandleDetail.uasset" 6
"A:/Documents/Unreal Projects/Avalon/Content/TeamAvalonMadeContent/Mesehs/Weapons/Starter/Handle.uasset" 7
"A:/Documents/Unreal Projects/Avalon/Content/TeamAvalonMadeContent/Mesehs/Weapons/Starter/Guard.uasset" 8
"A:/Documents/Unreal Projects/Avalon/Content/TeamAvalonMadeContent/Mesehs/Weapons/Starter/Blade.uasset" 9
"A:/Documents/Unreal Projects/Avalon/Content/TeamAvalonMadeContent/Mesehs/Weapons/Starter/Delta_s-Starter.uasset" 10
"A:/Documents/Unreal Projects/Avalon/Content/TeamAvalonMadeContent/Mesehs/Gamma/ShellMain.uasset" 11
"A:/Documents/Unreal Projects/Avalon/Content/TeamAvalonMadeContent/Mesehs/Gamma/Orb.uasset" 12
"A:/Documents/Unreal Projects/Avalon/Content/TeamAvalonMadeContent/Mesehs/Gamma/Middle.uasset" 13
"A:/Documents/Unreal Projects/Avalon/Content/TeamAvalonMadeContent/Mesehs/Gamma/Lens.uasset" 14
"A:/Documents/Unreal Projects/Avalon/Content/TeamAvalonMadeContent/Mesehs/Gamma/Join.uasset" 15
"A:/Documents/Unreal Projects/Avalon/Content/TeamAvalonMadeContent/Mesehs/Gamma/InnerEar.uasset" 16
"A:/Documents/Unreal Projects/Avalon/Content/TeamAvalonMadeContent/Mesehs/Gamma/EyeBody.uasset" 17
"A:/Documents/Unreal Projects/Avalon/Content/TeamAvalonMadeContent/Mesehs/Gamma/Ear.uasset" 18
"A:/Documents/Unreal Projects/Avalon/Content/TeamAvalonMadeContent/Mesehs/Gamma/Atenna.uasset" 19
"A:/Documents/Unreal Projects/Avalon/Content/TeamAvalonMadeContent/Mesehs/Gamma/Arm.uasset" 20
"A:/Documents/Unreal Projects/Avalon/Content/TeamAvalonMadeContent/Mesehs/Gamma/Gamma_v2.uasset" 21
"../../../Engine/Content/Animation/DefaultAnimCurveCompressionSettings.uasset" 22
"../../../Engine/Content/Animation/DefaultAnimBoneCompressionSettings.uasset" 23
"A:/Documents/Unreal Projects/Avalon/Content/TeamAvalonMadeContent/Mesehs/Delta/Delta_v1/Delta_Skeleton.uasset" 24
"A:/Documents/Unreal Projects/Avalon/Content/TeamAvalonMadeContent/Mesehs/Delta/Delta_v1/Animation/Stable_Sword_Outward_Slash__1_.uasset" 25
"A:/Documents/Unreal Projects/Avalon/Content/TeamAvalonMadeContent/Mesehs/Delta/Delta_v1/Animation/ANS_Melee.uasset" 26
"A:/Documents/Unreal Projects/Avalon/Content/TeamAvalonMadeContent/Mesehs/Delta/Delta_v1/Animation/Stable_Sword_Outward_Slash__1__Montage.uasset" 27
"A:/Documents/Unreal Projects/Avalon/Content/TeamAvalonMadeContent/Mesehs/Delta/Delta_v1/Animation/Stable_Sword_Inward_Slash__1_.uasset" 28
"A:/Documents/Unreal Projects/Avalon/Content/TeamAvalonMadeContent/Mesehs/Delta/Delta_v1/Animation/Stable_Sword_Inward_Slash__1__Montage.uasset" 29
"A:/Documents/Unreal Projects/Avalon/Content/TeamAvalonMadeContent/Mesehs/Delta/Delta_v1/Animation/Great_Sword_Slash.uasset" 30
"A:/Documents/Unreal Projects/Avalon/Content/TeamAvalonMadeContent/Mesehs/Delta/Delta_v1/Animation/Great_Sword_Slash_Montage.uasset" 31
"A:/Documents/Unreal Projects/Avalon/Content/TeamAvalonMadeContent/Mesehs/Delta/Delta_v1/Animation/Standard_Walk__1_.uasset" 32
"A:/Documents/Unreal Projects/Avalon/Content/TeamAvalonMadeContent/Mesehs/Delta/Delta_v1/Animation/Idle__4_.uasset" 33
"A:/Documents/Unreal Projects/Avalon/Content/TeamAvalonMadeContent/Mesehs/Delta/Delta_v1/Animation/Delta_Idle-Walk_BS.uasset" 34
"A:/Documents/Unreal Projects/Avalon/Content/TeamAvalonMadeContent/Mesehs/Delta/Delta_v1/Animation/Run_2.uasset" 35
"A:/Documents/Unreal Projects/Avalon/Content/TeamAvalonMadeContent/Mesehs/Delta/Delta_v1/Animation/Jumping__1_.uasset" 36
"A:/Documents/Unreal Projects/Avalon/Content/TeamAvalonMadeContent/Mesehs/Delta/Delta_v1/Animation/Delta_Anim_BP.uasset" 37
"A:/Documents/Unreal Projects/Avalon/Content/TeamAvalonMadeContent/Mesehs/Delta/Delta_v1/Delta_PhysicsAsset.uasset" 38
"A:/Documents/Unreal Projects/Avalon/Content/TeamAvalonMadeContent/Mesehs/Delta/Delta_v1/Skin.uasset" 39
"A:/Documents/Unreal Projects/Avalon/Content/TeamAvalonMadeContent/Mesehs/Delta/Delta_v1/ShortsMain.uasset" 40
"A:/Documents/Unreal Projects/Avalon/Content/TeamAvalonMadeContent/Mesehs/Delta/Delta_v1/ShoesMain.uasset" 41
"A:/Documents/Unreal Projects/Avalon/Content/TeamAvalonMadeContent/Mesehs/Delta/Delta_v1/ShoesBottom.uasset" 42
"A:/Documents/Unreal Projects/Avalon/Content/TeamAvalonMadeContent/Mesehs/Delta/Delta_v1/Red.uasset" 43
"A:/Documents/Unreal Projects/Avalon/Content/TeamAvalonMadeContent/Mesehs/Delta/Delta_v1/Mask.uasset" 44
"A:/Documents/Unreal Projects/Avalon/Content/TeamAvalonMadeContent/Mesehs/Delta/Delta_v1/Hoodie.uasset" 45
"A:/Documents/Unreal Projects/Avalon/Content/TeamAvalonMadeContent/Mesehs/Delta/Delta_v1/Gloves.uasset" 46
"A:/Documents/Unreal Projects/Avalon/Content/TeamAvalonMadeContent/Mesehs/Delta/Delta_v1/GloveDetail.uasset" 47
"A:/Documents/Unreal Projects/Avalon/Content/TeamAvalonMadeContent/Mesehs/Delta/Delta_v1/CapeMain.uasset" 48
"A:/Documents/Unreal Projects/Avalon/Content/TeamAvalonMadeContent/Mesehs/Delta/Delta_v1/Eyes.uasset" 49
"A:/Documents/Unreal Projects/Avalon/Content/TeamAvalonMadeContent/Mesehs/Delta/Delta_v1/Delta.uasset" 50
"../../../Engine/Content/Functions/Engine_MaterialFunctions02/Utility/VectorToRadialValue.uasset" 51
"../../../Engine/Content/Functions/Engine_MaterialFunctions02/Texturing/CustomRotator.uasset" 52
"A:/Documents/Unreal Projects/Avalon/Content/TeamAvalonMadeContent/UI/Health/HeartFill.uasset" 53
"A:/Documents/Unreal Projects/Avalon/Content/TeamAvalonMadeContent/UI/Health/HeartMat.uasset" 54
"A:/Documents/Unreal Projects/Avalon/Content/TeamAvalonMadeContent/UI/Health/HeartWidget.uasset" 55
"A:/Documents/Unreal Projects/Avalon/Content/TeamAvalonMadeContent/UI/MainHUD.uasset" 56
"A:/Documents/Unreal Projects/Avalon/Content/TeamAvalonMadeContent/JumpContents/StrafeCurve.uasset" 57
"A:/Documents/Unreal Projects/Avalon/Content/TeamAvalonMadeContent/JumpContents/BP_JumpComponentBase.uasset" 58
"A:/Documents/Unreal Projects/Avalon/Content/TeamAvalonMadeContent/JumpContents/BP_StrafeJumpComponent.uasset" 59
"A:/Documents/Unreal Projects/Avalon/Content/StarterContent/Audio/Explosion01.uasset" 60
"A:/Documents/Unreal Projects/Avalon/Content/StarterContent/Textures/T_Smoke_Tiled_D.uasset" 61
"A:/Documents/Unreal Projects/Avalon/Content/StarterContent/Textures/T_Smoke_SubUV.uasset" 62
"A:/Documents/Unreal Projects/Avalon/Content/StarterContent/Particles/Materials/M_smoke_subUV.uasset" 63
"../../../Engine/Content/Functions/Engine_MaterialFunctions01/Gradient/RadialGradient.uasset" 64
"A:/Documents/Unreal Projects/Avalon/Content/StarterContent/Particles/Materials/M_radial_ramp.uasset" 65
"A:/Documents/Unreal Projects/Avalon/Content/StarterContent/Particles/Materials/m_flare_01.uasset" 66
"A:/Documents/Unreal Projects/Avalon/Content/StarterContent/Textures/T_Explosion_SubUV.uasset" 67
"A:/Documents/Unreal Projects/Avalon/Content/StarterContent/Particles/Materials/M_explosion_subUV.uasset" 68
"A:/Documents/Unreal Projects/Avalon/Content/StarterContent/Textures/T_Burst_M.uasset" 69
"A:/Documents/Unreal Projects/Avalon/Content/StarterContent/Particles/Materials/M_Burst.uasset" 70
"A:/Documents/Unreal Projects/Avalon/Content/StarterContent/Particles/P_Explosion.uasset" 71
"../../../Engine/Content/Functions/Engine_MaterialFunctions01/Opacity/CameraDepthFade.uasset" 72
"../../../Engine/Content/EngineMaterials/T_Default_Material_Grid_N.uasset" 73
"../../../Engine/Content/EngineMaterials/T_Default_Material_Grid_M.uasset" 74
"../../../Engine/Content/EngineMaterials/DefaultMaterial.uasset" 75
"../../../Engine/Content/BasicShapes/Sphere.uasset" 76
"A:/Documents/Unreal Projects/Avalon/Content/TeamAvalonMadeContent/Mesehs/Charger/Wings.uasset" 77
"A:/Documents/Unreal Projects/Avalon/Content/TeamAvalonMadeContent/Mesehs/Charger/Rust.uasset" 78
"A:/Documents/Unreal Projects/Avalon/Content/TeamAvalonMadeContent/Mesehs/Charger/Joints.uasset" 79
"A:/Documents/Unreal Projects/Avalon/Content/TeamAvalonMadeContent/Mesehs/Charger/EyeScreen.uasset" 80
"A:/Documents/Unreal Projects/Avalon/Content/TeamAvalonMadeContent/Mesehs/Charger/Eye.uasset" 81
"A:/Documents/Unreal Projects/Avalon/Content/TeamAvalonMadeContent/Mesehs/Charger/Body.uasset" 82
"A:/Documents/Unreal Projects/Avalon/Content/TeamAvalonMadeContent/Mesehs/Charger/Blades.uasset" 83
"A:/Documents/Unreal Projects/Avalon/Content/TeamAvalonMadeContent/Mesehs/Charger/Charger_Mark2.uasset" 84
"A:/Documents/Unreal Projects/Avalon/Content/TeamAvalonMadeContent/AI/ChargerEnemy/AI/IsPlayerInRange.uasset" 85
"A:/Documents/Unreal Projects/Avalon/Content/TeamAvalonMadeContent/AI/ChargerEnemy/AI/FindPlayer.uasset" 86
"A:/Documents/Unreal Projects/Avalon/Content/TeamAvalonMadeContent/AI/ChargerEnemy/AI/FindLocation.uasset" 87
"A:/Documents/Unreal Projects/Avalon/Content/ThirdPersonBP/Blueprints/ThirdPersonCharacter.uasset" 88
"A:/Documents/Unreal Projects/Avalon/Content/TeamAvalonMadeContent/AI/ChargerEnemy/AI/EnemyBlackboard.uasset" 89
"A:/Documents/Unreal Projects/Avalon/Content/TeamAvalonMadeContent/AI/ChargerEnemy/AI/ChasePlayer.uasset" 90
"A:/Documents/Unreal Projects/Avalon/Content/TeamAvalonMadeContent/GameInstance1.uasset" 91
"A:/Documents/Unreal Projects/Avalon/Content/TeamAvalonMadeContent/AI/ChargerEnemy/AI/AttackPlayer.uasset" 92
"A:/Documents/Unreal Projects/Avalon/Content/TeamAvalonMadeContent/AI/ChargerEnemy/AI/EnemyTree.uasset" 93
"A:/Documents/Unreal Projects/Avalon/Content/TeamAvalonMadeContent/AI/ChargerEnemy/AI/EnemyController.uasset" 94
"A:/Documents/Unreal Projects/Avalon/Content/TeamAvalonMadeContent/AI/ChargerEnemy/ChargerEnemy.uasset" 95
"A:/Documents/Unreal Projects/Avalon/Content/TeamAvalonMadeContent/Drone/bullet.uasset" 96
"A:/Documents/Unreal Projects/Avalon/Content/StarterContent/Textures/T_Metal_Gold_D.uasset" 97
"A:/Documents/Unreal Projects/Avalon/Content/StarterContent/Textures/T_Metal_Gold_N.uasset" 98
"A:/Documents/Unreal Projects/Avalon/Content/StarterContent/Textures/T_MacroVariation.uasset" 99
"A:/Documents/Unreal Projects/Avalon/Content/StarterContent/Materials/M_Metal_Gold.uasset" 100
"A:/Documents/Unreal Projects/Avalon/Content/TeamAvalonMadeContent/Mesehs/Delta/Delta_v1/Blueprints/ThirdPersonCharacter.uasset" 101
"A:/Documents/Unreal Projects/Avalon/Content/Mannequin/Animations/ThirdPersonJump_Loop.uasset" 102
"A:/Documents/Unreal Projects/Avalon/Content/Mannequin/Animations/ThirdPersonJump_Start.uasset" 103
"A:/Documents/Unreal Projects/Avalon/Content/Mannequin/Animations/ThirdPerson_Jump.uasset" 104
"A:/Documents/Unreal Projects/Avalon/Content/TeamAvalonMadeContent/Mesehs/Delta/Delta_v1/Animation/ThirdPerson_wallsilde.uasset" 105
"A:/Documents/Unreal Projects/Avalon/Content/Mannequin/Animations/ThirdPersonIdle.uasset" 106
"A:/Documents/Unreal Projects/Avalon/Content/Mannequin/Animations/ThirdPersonRun.uasset" 107
"A:/Documents/Unreal Projects/Avalon/Content/Mannequin/Animations/ThirdPersonWalk.uasset" 108
"A:/Documents/Unreal Projects/Avalon/Content/Mannequin/Animations/ThirdPerson_IdleRun_2D.uasset" 109
"A:/Documents/Unreal Projects/Avalon/Content/Mannequin/Animations/ThirdPerson_AnimBP.uasset" 110
"A:/Documents/Unreal Projects/Avalon/Content/Mannequin/Character/Mesh/SK_Mannequin_PhysicsAsset.uasset" 111
"A:/Documents/Unreal Projects/Avalon/Content/Mannequin/Character/Textures/T_UE4Logo_Mask.uasset" 112
"A:/Documents/Unreal Projects/Avalon/Content/Mannequin/Character/Textures/T_Male_N.uasset" 113
"A:/Documents/Unreal Projects/Avalon/Content/Mannequin/Character/Textures/T_Male_Mask.uasset" 114
"A:/Documents/Unreal Projects/Avalon/Content/Mannequin/Character/Textures/T_UE4Logo_N.uasset" 115
"A:/Documents/Unreal Projects/Avalon/Content/Mannequin/Character/Materials/MaterialLayers/T_ML_Rubber_Blue_01_N.uasset" 116
"A:/Documents/Unreal Projects/Avalon/Content/Mannequin/Character/Materials/MaterialLayers/T_ML_Rubber_Blue_01_D.uasset" 117
"A:/Documents/Unreal Projects/Avalon/Content/Mannequin/Character/Materials/MaterialLayers/T_ML_Aluminum01_N.uasset" 118
"A:/Documents/Unreal Projects/Avalon/Content/Mannequin/Character/Materials/MaterialLayers/T_ML_Aluminum01.uasset" 119
"A:/Documents/Unreal Projects/Avalon/Content/Mannequin/Character/Materials/MaterialLayers/ML_SoftMetal_UE4.uasset" 120
"../../../Engine/Content/Functions/Engine_MaterialFunctions02/Utility/BlendAngleCorrectedNormals.uasset" 121
"A:/Documents/Unreal Projects/Avalon/Content/Mannequin/Character/Materials/MaterialLayers/ML_Plastic_Shiny_Beige.uasset" 122
"A:/Documents/Unreal Projects/Avalon/Content/Mannequin/Character/Materials/MaterialLayers/ML_GlossyBlack_Latex_UE4.uasset" 123
"../../../Engine/Content/Functions/MaterialLayerFunctions/MatLayerBlend_Simple.uasset" 124
"../../../Engine/Content/Functions/MaterialLayerFunctions/MatLayerBlend_NormalBlend.uasset" 125
"A:/Documents/Unreal Projects/Avalon/Content/Mannequin/Character/Materials/MaterialLayers/ML_Plastic_Shiny_Beige_LOGO.uasset" 126
"A:/Documents/Unreal Projects/Avalon/Content/Mannequin/Character/Materials/M_Male_Body.uasset" 127
"A:/Documents/Unreal Projects/Avalon/Content/Mannequin/Character/Materials/M_UE4Man_ChestLogo.uasset" 128
"A:/Documents/Unreal Projects/Avalon/Content/Mannequin/Character/Mesh/SK_Mannequin.uasset" 129
"A:/Documents/Unreal Projects/Avalon/Content/Mannequin/Character/Mesh/SK_Mannequin_Female_PhysicsAsset.uasset" 130
"A:/Documents/Unreal Projects/Avalon/Content/Mannequin/Character/Textures/T_Female_Mask.uasset" 131
"A:/Documents/Unreal Projects/Avalon/Content/Mannequin/Character/Textures/T_Female_N.uasset" 132
"A:/Documents/Unreal Projects/Avalon/Content/Mannequin/Character/Materials/MI_Female_Body.uasset" 133
"A:/Documents/Unreal Projects/Avalon/Content/Mannequin/Character/Mesh/SK_Mannequin_Female.uasset" 134
"A:/Documents/Unreal Projects/Avalon/Content/StarterContent/Materials/M_Basic_Wall.uasset" 135
"A:/Documents/Unreal Projects/Avalon/Content/StarterContent/Architecture/Pillar_50x500.uasset" 136
"A:/Documents/Unreal Projects/Avalon/Content/StarterContent/Architecture/Wall_400x300.uasset" 137
"A:/Documents/Unreal Projects/Avalon/Content/StarterContent/Architecture/Wall_400x400.uasset" 138
"A:/Documents/Unreal Projects/Avalon/Content/StarterContent/Architecture/Wall_500x500.uasset" 139
"A:/Documents/Unreal Projects/Avalon/Content/StarterContent/Architecture/Wall_Door_400x400.uasset" 140
"A:/Documents/Unreal Projects/Avalon/Content/StarterContent/Architecture/Wall_Window_400x400.uasset" 141
"A:/Documents/Unreal Projects/Avalon/Content/StarterContent/Audio/Collapse01.uasset" 142
"A:/Documents/Unreal Projects/Avalon/Content/StarterContent/Audio/Collapse02.uasset" 143
"A:/Documents/Unreal Projects/Avalon/Content/StarterContent/Audio/Explosion02.uasset" 144
"A:/Documents/Unreal Projects/Avalon/Content/StarterContent/Audio/Fire01.uasset" 145
"A:/Documents/Unreal Projects/Avalon/Content/StarterContent/Audio/Fire_Sparks01.uasset" 146
"A:/Documents/Unreal Projects/Avalon/Content/StarterContent/Audio/Light01.uasset" 147
"A:/Documents/Unreal Projects/Avalon/Content/StarterContent/Audio/Light01_Cue.uasset" 148
"A:/Documents/Unreal Projects/Avalon/Content/StarterContent/Audio/Light02.uasset" 149
"A:/Documents/Unreal Projects/Avalon/Content/StarterContent/Audio/Light02_Cue.uasset" 150
"A:/Documents/Unreal Projects/Avalon/Content/StarterContent/Audio/Smoke01.uasset" 151
"A:/Documents/Unreal Projects/Avalon/Content/StarterContent/Audio/Starter_Birds01.uasset" 152
"A:/Documents/Unreal Projects/Avalon/Content/StarterContent/Audio/Starter_Music01.uasset" 153
"A:/Documents/Unreal Projects/Avalon/Content/StarterContent/Audio/Starter_Wind05.uasset" 154
"A:/Documents/Unreal Projects/Avalon/Content/StarterContent/Audio/Starter_Wind06.uasset" 155
"A:/Documents/Unreal Projects/Avalon/Content/StarterContent/Audio/Steam01.uasset" 156
"A:/Documents/Unreal Projects/Avalon/Content/StarterContent/Audio/Explosion_Cue.uasset" 157
"A:/Documents/Unreal Projects/Avalon/Content/StarterContent/Blueprints/Blueprint_Effect_Explosion.uasset" 158
"../../../Engine/Content/EditorMeshes/ColorCalibrator/T_ColorGrid.uasset" 159
"A:/Documents/Unreal Projects/Avalon/Content/StarterContent/Materials/M_ColorGrid_LowSpec.uasset" 160
"A:/Documents/Unreal Projects/Avalon/Content/StarterContent/Textures/T_Bush_N.uasset" 161
"A:/Documents/Unreal Projects/Avalon/Content/StarterContent/Textures/T_Bush_D.uasset" 162
"A:/Documents/Unreal Projects/Avalon/Content/StarterContent/Props/Materials/M_Bush.uasset" 163
"A:/Documents/Unreal Projects/Avalon/Content/StarterContent/Props/SM_Bush.uasset" 164
"A:/Documents/Unreal Projects/Avalon/Content/StarterContent/Textures/T_Chair_N.uasset" 165
"A:/Documents/Unreal Projects/Avalon/Content/StarterContent/Textures/T_Chair_M.uasset" 166
"A:/Documents/Unreal Projects/Avalon/Content/StarterContent/Props/Materials/M_Chair.uasset" 167
"A:/Documents/Unreal Projects/Avalon/Content/StarterContent/Props/SM_Couch.uasset" 168
"A:/Documents/Unreal Projects/Avalon/Content/StarterContent/Materials/M_Glass.uasset" 169
"A:/Documents/Unreal Projects/Avalon/Content/StarterContent/Textures/T_Door_N.uasset" 170
"A:/Documents/Unreal Projects/Avalon/Content/StarterContent/Textures/T_Door_M.uasset" 171
"A:/Documents/Unreal Projects/Avalon/Content/StarterContent/Props/Materials/M_Door.uasset" 172
"A:/Documents/Unreal Projects/Avalon/Content/StarterContent/Props/SM_Door.uasset" 173
"A:/Documents/Unreal Projects/Avalon/Content/StarterContent/Props/Materials/M_MaterialSphere_Plain.uasset" 174
"A:/Documents/Unreal Projects/Avalon/Content/StarterContent/Props/Materials/M_MaterialSphere.uasset" 175
"A:/Documents/Unreal Projects/Avalon/Content/StarterContent/Props/SM_MatPreviewMesh_02.uasset" 176
"A:/Documents/Unreal Projects/Avalon/Content/StarterContent/Textures/T_Rock_Basalt_D.uasset" 177
"A:/Documents/Unreal Projects/Avalon/Content/StarterContent/Textures/T_Detail_Rocky_N.uasset" 178
"A:/Documents/Unreal Projects/Avalon/Content/StarterContent/Textures/T_RockMesh_N.uasset" 179
"A:/Documents/Unreal Projects/Avalon/Content/StarterContent/Textures/T_RockMesh_M.uasset" 180
"A:/Documents/Unreal Projects/Avalon/Content/StarterContent/Props/Materials/M_Rock.uasset" 181
"A:/Documents/Unreal Projects/Avalon/Content/StarterContent/Props/SM_Rock.uasset" 182
"A:/Documents/Unreal Projects/Avalon/Content/StarterContent/Textures/T_Shelf_N.uasset" 183
"A:/Documents/Unreal Projects/Avalon/Content/StarterContent/Textures/T_Shelf_M.uasset" 184
"A:/Documents/Unreal Projects/Avalon/Content/StarterContent/Props/Materials/M_Shelf.uasset" 185
"A:/Documents/Unreal Projects/Avalon/Content/StarterContent/Props/SM_Shelf.uasset" 186
"A:/Documents/Unreal Projects/Avalon/Content/StarterContent/Materials/M_Basic_Floor.uasset" 187
"A:/Documents/Unreal Projects/Avalon/Content/StarterContent/Props/SM_Stairs.uasset" 188
"A:/Documents/Unreal Projects/Avalon/Content/StarterContent/Shapes/Shape_Cone.uasset" 189
"A:/Documents/Unreal Projects/Avalon/Content/StarterContent/Shapes/Shape_Cylinder.uasset" 190
"A:/Documents/Unreal Projects/Avalon/Content/StarterContent/Shapes/Shape_NarrowCapsule.uasset" 191
"A:/Documents/Unreal Projects/Avalon/Content/StarterContent/Shapes/Shape_Pipe.uasset" 192
"A:/Documents/Unreal Projects/Avalon/Content/StarterContent/Shapes/Shape_Pipe_180.uasset" 193
"A:/Documents/Unreal Projects/Avalon/Content/StarterContent/Shapes/Shape_Pipe_90.uasset" 194
"A:/Documents/Unreal Projects/Avalon/Content/StarterContent/Shapes/Shape_Plane.uasset" 195
"A:/Documents/Unreal Projects/Avalon/Content/StarterContent/Shapes/Shape_Torus.uasset" 196
"A:/Documents/Unreal Projects/Avalon/Content/StarterContent/Shapes/Shape_Trim.uasset" 197
"A:/Documents/Unreal Projects/Avalon/Content/StarterContent/Shapes/Shape_Trim_90_In.uasset" 198
"A:/Documents/Unreal Projects/Avalon/Content/StarterContent/Shapes/Shape_Trim_90_Out.uasset" 199
"A:/Documents/Unreal Projects/Avalon/Content/StarterContent/Shapes/Shape_TriPyramid.uasset" 200
"A:/Documents/Unreal Projects/Avalon/Content/StarterContent/Shapes/Shape_Tube.uasset" 201
"A:/Documents/Unreal Projects/Avalon/Content/StarterContent/Shapes/Shape_Wedge_A.uasset" 202
"A:/Documents/Unreal Projects/Avalon/Content/StarterContent/Shapes/Shape_Wedge_B.uasset" 203
"A:/Documents/Unreal Projects/Avalon/Content/StarterContent/Shapes/Shape_WideCapsule.uasset" 204
"A:/Documents/Unreal Projects/Avalon/Content/TeamAvalonMadeContent/AvalonGameMode.uasset" 205
"A:/Documents/Unreal Projects/Avalon/Content/TeamAvalonMadeContent/EnemySpawnPoint.uasset" 206
"A:/Documents/Unreal Projects/Avalon/Content/Geometry/Meshes/CubeMaterial.uasset" 207
"A:/Documents/Unreal Projects/Avalon/Content/Geometry/Meshes/1M_Cube.uasset" 208
"A:/Documents/Unreal Projects/Avalon/Content/TeamAvalonMadeContent/AI/Boss/Boss.uasset" 209
"A:/Documents/Unreal Projects/Avalon/Content/TeamAvalonMadeContent/AI/Boss/AI/Spin.uasset" 210
"A:/Documents/Unreal Projects/Avalon/Content/TeamAvalonMadeContent/AI/Boss/AI/Shoot.uasset" 211
"A:/Documents/Unreal Projects/Avalon/Content/TeamAvalonMadeContent/AI/Boss/AI/Rise.uasset" 212
"A:/Documents/Unreal Projects/Avalon/Content/TeamAvalonMadeContent/AI/Boss/AI/Desend.uasset" 213
"A:/Documents/Unreal Projects/Avalon/Content/TeamAvalonMadeContent/AI/Boss/AI/BossBB.uasset" 214
"A:/Documents/Unreal Projects/Avalon/Content/TeamAvalonMadeContent/AI/Boss/AI/Boss.uasset" 215
"A:/Documents/Unreal Projects/Avalon/Content/StarterContent/Shapes/Shape_Sphere.uasset" 216
"A:/Documents/Unreal Projects/Avalon/Content/TeamAvalonMadeContent/AI/ShooterEnemy/EnemyProjectile.uasset" 217
"A:/Documents/Unreal Projects/Avalon/Content/TeamAvalonMadeContent/AI/ShooterEnemy/AI/ShooterBlackBoard.uasset" 218
"A:/Documents/Unreal Projects/Avalon/Content/TeamAvalonMadeContent/AI/ShooterEnemy/AI/ShooterBehaivorTree.uasset" 219
"A:/Documents/Unreal Projects/Avalon/Content/TeamAvalonMadeContent/AI/ShooterEnemy/AI/ShooterController.uasset" 220
"A:/Documents/Unreal Projects/Avalon/Content/TeamAvalonMadeContent/AI/ShooterEnemy/ShooterEnemy.uasset" 221
"A:/Documents/Unreal Projects/Avalon/Content/TeamAvalonMadeContent/AI/ShooterEnemy/AI/AimAtPlayer.uasset" 222
"A:/Documents/Unreal Projects/Avalon/Content/TeamAvalonMadeContent/AI/ShooterEnemy/AI/ShootPlayer.uasset" 223
"A:/Documents/Unreal Projects/Avalon/Content/TeamAvalonMadeContent/JumpContents/GlideCurve.uasset" 224
"A:/Documents/Unreal Projects/Avalon/Content/TeamAvalonMadeContent/JumpContents/BP_GlideJumpComponent.uasset" 225
"A:/Documents/Unreal Projects/Avalon/Content/TeamAvalonMadeContent/Mesehs/Delta/Delta_v1/Animation/Run.uasset" 226
"A:/Documents/Unreal Projects/Avalon/Content/TeamAvalonMadeContent/Mesehs/Delta/Delta_v1/Animation/Running_Slide.uasset" 227
"A:/Documents/Unreal Projects/Avalon/Content/TeamAvalonMadeContent/Mesehs/Delta/Delta_v1/Animation/Walking__4_.uasset" 228
"A:/Documents/Unreal Projects/Avalon/Content/TeamAvalonMadeContent/UI/Health/Heart.uasset" 229
"A:/Documents/Unreal Projects/Avalon/Content/ThirdPersonBP/test.uasset" 230
"A:/Documents/Unreal Projects/Avalon/Content/ThirdPersonBP/testPawn.uasset" 231
"A:/Documents/Unreal Projects/Avalon/Content/ThirdPersonBP/ThirdPersonOverview.uasset" 232
"../../../Engine/Content/EngineMaterials/WorldGridMaterial.uasset" 233
"../../../Engine/Content/ArtTools/RenderToTexture/Meshes/S_1_Unit_Plane.uasset" 234
"../../../Engine/Content/BasicShapes/Plane.uasset" 235
"../../../Engine/Content/EditorLandscapeResources/DataLayer.uasset" 236
"../../../Engine/Content/EditorLandscapeResources/DefaultAlphaTexture.uasset" 237
"../../../Engine/Content/EditorMaterials/MAT_Groups_Toggle.uasset" 238
"../../../Engine/Content/EditorMaterials/MAT_Groups_Visibility.uasset" 239
"../../../Engine/Content/EditorMaterials/PreviewShadowIndicator.uasset" 240
"../../../Engine/Content/EditorMaterials/PreviewShadowIndicatorMaterial.uasset" 241
"../../../Engine/Content/EditorMaterials/MatineeGroups/MAT_ColorTrack.uasset" 242
"../../../Engine/Content/EditorMaterials/MatineeGroups/MAT_Groups_Anim.uasset" 243
"../../../Engine/Content/EditorMaterials/MatineeGroups/MAT_Groups_AudioMaster.uasset" 244
"../../../Engine/Content/EditorMaterials/MatineeGroups/MAT_Groups_Director.uasset" 245
"../../../Engine/Content/EditorMaterials/MatineeGroups/MAT_Groups_Event.uasset" 246
"../../../Engine/Content/EditorMaterials/MatineeGroups/MAT_Groups_Fade.uasset" 247
"../../../Engine/Content/EditorMaterials/MatineeGroups/MAT_Groups_Float.uasset" 248
"../../../Engine/Content/EditorMaterials/MatineeGroups/MAT_Groups_Move.uasset" 249
"../../../Engine/Content/EditorMaterials/MatineeGroups/MAT_Groups_Slomo.uasset" 250
"../../../Engine/Content/EditorMaterials/MatineeGroups/MAT_Groups_Sound.uasset" 251
"../../../Engine/Content/EditorMaterials/MatineeGroups/MAT_Groups_Vector.uasset" 252
"../../../Engine/Content/EditorMaterials/ParticleSystems/PSysThumbnail_NoImage.uasset" 253
"../../../Engine/Content/EditorMaterials/ParticleSystems/PSysThumbnail_OOD.uasset" 254
"../../../Engine/Content/EditorMaterials/Camera/CineMat.uasset" 255
"../../../Engine/Content/EditorMaterials/Camera/MI_CineMat_Rig.uasset" 256
"../../../Engine/Content/EditorMeshes/Camera/SM_CraneRig_Arm.uasset" 257
"../../../Engine/Content/EditorMeshes/Camera/SM_CraneRig_Base.uasset" 258
"../../../Engine/Content/EditorMeshes/Camera/SM_CraneRig_Body.uasset" 259
"../../../Engine/Content/EditorMeshes/Camera/SM_CraneRig_Mount.uasset" 260
"../../../Engine/Content/EditorMeshes/Camera/SM_RailRig_Mount.uasset" 261
"../../../Engine/Content/EditorMeshes/Camera/SM_RailRig_Track.uasset" 262
"../../../Engine/Content/EditorResources/BSPVertex.uasset" 263
"../../../Engine/Content/EditorResources/EmptyActor.uasset" 264
"../../../Engine/Content/EditorResources/S_Actor.uasset" 265
"../../../Engine/Content/EditorResources/S_Note.uasset" 266
"../../../Engine/Content/EditorResources/S_Solver.uasset" 267
"../../../Engine/Content/EditorResources/S_Terrain.uasset" 268
"../../../Engine/Content/EditorResources/S_Trigger.uasset" 269
"../../../Engine/Content/EditorResources/AudioIcons/S_AudioComponent.uasset" 270
"../../../Engine/Content/EditorResources/AudioIcons/S_AudioComponent_AutoActivate.uasset" 271
"../../../Engine/Content/EditorResources/LightIcons/S_LightError.uasset" 272
"../../../Engine/Content/EditorResources/SequenceRecorder/Countdown.uasset" 273
"../../../Engine/Content/EditorResources/SequenceRecorder/RecordingIndicator.uasset" 274
"../../../Engine/Content/EngineDamageTypes/DmgTypeBP_Environmental.uasset" 275
"../../../Engine/Content/EngineDebugMaterials/DebugEditorMaterial.uasset" 276
"../../../Engine/Content/EngineDebugMaterials/DebugMeshMaterial.uasset" 277
"../../../Engine/Content/EngineDebugMaterials/M_SimpleUnlitTranslucent.uasset" 278
"../../../Engine/Content/EngineDebugMaterials/VolumeToRender.uasset" 279
"../../../Engine/Content/Functions/Engine_MaterialFunctions02/Utility/CameraDirectionVector.uasset" 280
"../../../Engine/Content/EngineDebugMaterials/M_VolumeRenderSphereTracePP.uasset" 281
"../../../Engine/Content/Functions/Engine_MaterialFunctions01/Shading/ConvertFromDiffSpec.uasset" 282
"../../../Engine/Content/EngineDebugMaterials/VertexColorMaterial.uasset" 283
"../../../Engine/Content/EngineDebugMaterials/WireframeMaterial.uasset" 284
"../../../Engine/Content/EngineFonts/Faces/RobotoRegular.uasset" 285
"../../../Engine/Content/EngineFonts/Faces/RobotoLight.uasset" 286
"../../../Engine/Content/EngineFonts/Faces/RobotoItalic.uasset" 287
"../../../Engine/Content/EngineFonts/Faces/RobotoBoldItalic.uasset" 288
"../../../Engine/Content/EngineFonts/Faces/RobotoBold.uasset" 289
"../../../Engine/Content/EngineFonts/Faces/DroidSansFallback.uasset" 290
"../../../Engine/Content/EngineFonts/Roboto.uasset" 291
"../../../Engine/Content/EngineMaterials/BaseFlattenNormalMap.uasset" 292
"../../../Engine/Content/EngineMaterials/BaseFlattenGrayscaleMap.uasset" 293
"../../../Engine/Content/EngineMaterials/BaseFlattenEmissiveMap.uasset" 294
"../../../Engine/Content/EngineMaterials/BaseFlattenDiffuseMap.uasset" 295
"../../../Engine/Content/EngineMaterials/BaseFlattenMaterial.uasset" 296
"../../../Engine/Content/EngineMaterials/BlueNoise.uasset" 297
"../../../Engine/Content/EngineMaterials/DefaultBloomKernel.uasset" 298
"../../../Engine/Content/EngineMaterials/DefaultBokeh.uasset" 299
"../../../Engine/Content/EngineMaterials/DefaultDiffuse.uasset" 300
"../../../Engine/Content/EngineMaterials/DefaultDeferredDecalMaterial.uasset" 301
"../../../Engine/Content/EngineMaterials/DefaultLightFunctionMaterial.uasset" 302
"../../../Engine/Content/EngineMaterials/DefaultPhysicalMaterial.uasset" 303
"../../../Engine/Content/Functions/Engine_MaterialFunctions02/Utility/BreakOutFloat2Components.uasset" 304
"../../../Engine/Content/EngineMaterials/DefaultPostProcessMaterial.uasset" 305
"../../../Engine/Content/EngineFonts/RobotoDistanceField.uasset" 306
"../../../Engine/Content/EngineMaterials/DefaultTextMaterialOpaque.uasset" 307
"../../../Engine/Content/EngineMaterials/DefaultWhiteGrid.uasset" 308
"../../../Engine/Content/EngineMaterials/DefaultWhiteGrid_Low.uasset" 309
"../../../Engine/Content/EngineMaterials/EmissiveMeshMaterial.uasset" 310
"../../../Engine/Content/EngineMaterials/GizmoMaterial.uasset" 311
"../../../Engine/Content/EngineMaterials/Good64x64TilingNoiseHighFreq.uasset" 312
"../../../Engine/Content/EngineMaterials/MiniFont.uasset" 313
"../../../Engine/Content/EngineMaterials/InvalidLightmapSettings.uasset" 314
"../../../Engine/Content/EngineMaterials/M_InvalidLightmapSettings.uasset" 315
"../../../Engine/Content/Functions/Engine_MaterialFunctions02/WorldPositionOffset/CameraOffset.uasset" 316
"../../../Engine/Content/EngineMaterials/PhAT_JointLimitMaterial.uasset" 317
"../../../Engine/Content/EngineMaterials/PreintegratedSkinBRDF.uasset" 318
"../../../Engine/Content/EngineMaterials/RemoveSurfaceMaterial.uasset" 319
"../../../Engine/Content/EngineMaterials/WeightMapPlaceholderTexture.uasset" 320
"../../../Engine/Content/EngineResources/WhiteSquareTexture.uasset" 321
"../../../Engine/Content/EngineMaterials/Widget3DPassThrough.uasset" 322
"../../../Engine/Content/EngineMaterials/Widget3DPassThrough_Masked.uasset" 323
"../../../Engine/Content/EngineMaterials/Widget3DPassThrough_Opaque.uasset" 324
"../../../Engine/Content/EngineMaterials/Widget3DPassThrough_Masked_OneSided.uasset" 325
"../../../Engine/Content/EngineMaterials/Widget3DPassThrough_Opaque_OneSided.uasset" 326
"../../../Engine/Content/EngineMaterials/Widget3DPassThrough_Translucent.uasset" 327
"../../../Engine/Content/EngineMaterials/Widget3DPassThrough_Translucent_OneSided.uasset" 328
"../../../Engine/Content/EngineMeshes/Cylinder.uasset" 329
"../../../Engine/Content/EngineMeshes/Sphere.uasset" 330
"../../../Engine/Content/EngineResources/Black.uasset" 331
"../../../Engine/Content/EngineResources/DefaultTextureCube.uasset" 332
"../../../Engine/Content/EngineResources/DefaultVolumeTexture2D.uasset" 333
"../../../Engine/Content/EngineResources/DefaultVolumeTexture.uasset" 334
"../../../Engine/Content/EngineResources/GradientTexture0.uasset" 335
"../../../Engine/Content/EngineSky/VolumetricClouds/T_NoiseShape64.uasset" 336
"../../../Engine/Content/EngineSky/VolumetricClouds/T_VolumeNoiseShape64.uasset" 337
"../../../Engine/Content/EngineSky/VolumetricClouds/T_NoiseErosion.uasset" 338
"../../../Engine/Content/EngineSky/VolumetricClouds/T_VolumeNoiseErosion32.uasset" 339
"../../../Engine/Content/EngineSky/VolumetricClouds/CloudWeatherTexture.uasset" 340
"../../../Engine/Content/EngineSky/VolumetricClouds/CloudGradientTexture.uasset" 341
"../../../Engine/Content/Functions/Engine_MaterialFunctions02/Utility/MakeFloat2.uasset" 342
"../../../Engine/Content/EngineSky/VolumetricClouds/m_SimpleVolumetricCloud.uasset" 343
"../../../Engine/Content/EngineSky/VolumetricClouds/m_SimpleVolumetricCloud_Inst.uasset" 344
"../../../Engine/Content/EngineSounds/Master.uasset" 345
"../../../Engine/Content/Functions/Engine_MaterialFunctions01/Shading/PowerToRoughness.uasset" 346
"../../../Engine/Content/Maps/Templates/Thumbnails/Default.uasset" 347
"../../../Engine/Content/Maps/Templates/Thumbnails/TimeOfDay.uasset" 348
"../../../Engine/Content/Maps/Templates/Thumbnails/VR-Basic.uasset" 349
"../../../Engine/Content/MobileResources/T_MobileControls_texture.uasset" 350
"../../../Engine/Content/MobileResources/T_MobileMenu2.uasset" 351
"../../../Engine/Content/MobileResources/HUD/AnalogHat.uasset" 352
"../../../Engine/Content/MobileResources/HUD/VirtualJoystick_Thumb.uasset" 353
"../../../Engine/Content/MobileResources/HUD/VirtualJoystick_Background.uasset" 354
"../../../Engine/Content/MobileResources/HUD/DefaultVirtualJoysticks.uasset" 355
"../../../Engine/Content/MobileResources/HUD/LeftVirtualJoystickOnly.uasset" 356
"../../../Engine/Content/MobileResources/HUD/MobileHUDButton1_off.uasset" 357
"../../../Engine/Content/MobileResources/HUD/MobileHUDButton1_on.uasset" 358
"../../../Engine/Content/MobileResources/HUD/MobileHUDButton2_off.uasset" 359
"../../../Engine/Content/MobileResources/HUD/MobileHUDButton2_on.uasset" 360
"../../../Engine/Content/MobileResources/HUD/MobileHUDButton3.uasset" 361
"../../../Engine/Content/MobileResources/HUD/MobileHUDButtonFire.uasset" 362
"../../../Engine/Content/MobileResources/HUD/MobileHUDDirectionPad.uasset" 363
"../../../Engine/Content/MobileResources/HUD/MobileHUDDirectionPad2.uasset" 364
"../../../Engine/Content/MobileResources/HUD/MobileHUDDirectionPad3.uasset" 365
"../../../Engine/Content/MobileResources/HUD/MobileHUDDirectionStick.uasset" 366
"../../../Engine/Content/MobileResources/HUD/T_Castle_ThumbstickInner.uasset" 367
"../../../Engine/Content/MobileResources/HUD/T_Castle_ThumbstickOutter.uasset" 368
"../../../Engine/Content/Tutorial/ContentIntroCurve.uasset" 369
"../../../Engine/Content/Tutorial/Basics/LevelEditorAttract.uasset" 370
"../../../Engine/Content/VREditor/TransformGizmo/TranslucentTransformGizmoMaterial.uasset" 371
"../../../Engine/Content/VREditor/LaserPointer/VR_LaserPower_01.uasset" 372
"../../../Engine/Content/VREditor/TransformGizmo/TransformGizmoMaterial.uasset" 373
"../../../Engine/Content/VREditor/TransformGizmo/BoundingBoxCorner.uasset" 374
"../../../Engine/Content/VREditor/TransformGizmo/BoundingBoxEdge.uasset" 375
"../../../Engine/Content/VREditor/TransformGizmo/PlaneTranslationHandle.uasset" 376
"../../../Engine/Content/VREditor/TransformGizmo/Xray.uasset" 377
"../../../Engine/Content/VREditor/TransformGizmo/Main.uasset" 378
"../../../Engine/Content/VREditor/TransformGizmo/SM_Sequencer_Key.uasset" 379
"../../../Engine/Content/VREditor/TransformGizmo/SM_Sequencer_Node.uasset" 380
"../../Plugins/2D/Paper2D/Content/PlaceholderTextures/DummySpriteTexture.uasset" 381
"../../Plugins/2D/Paper2D/Content/DummySprite.uasset" 382
"../../Plugins/2D/Paper2D/Content/DefaultPaperTerrainMaterial.uasset" 383
"../../Plugins/2D/Paper2D/Content/DefaultSpriteMaterial.uasset" 384
"../../Plugins/2D/Paper2D/Content/MaskedUnlitSpriteMaterial.uasset" 385
"../../Plugins/2D/Paper2D/Content/OpaqueUnlitSpriteMaterial.uasset" 386
"../../../Engine/Content/Functions/Engine_MaterialFunctions02/Utility/BreakOutFloat3Components.uasset" 387
"../../Plugins/Editor/SpeedTreeImporter/Content/SpeedTree9/UnpackInteger3.uasset" 388
"../../Plugins/Editor/SpeedTreeImporter/Content/SpeedTree9/UnpackDirection.uasset" 389
"../../Plugins/Editor/SpeedTreeImporter/Content/SpeedTree9/game_wind_noise.uasset" 390
"../../../Engine/Content/Functions/Engine_MaterialFunctions02/SafeNormalize.uasset" 391
"../../Plugins/Editor/SpeedTreeImporter/Content/SpeedTree9/SpeedTreeWindMotion.uasset" 392
"../../Plugins/Editor/SpeedTreeImporter/Content/SpeedTree9/SpeedTreeBranchMotion.uasset" 393
"../../../Engine/Content/Functions/Engine_MaterialFunctions02/ObjectLocalBounds.uasset" 394
"../../../Engine/Content/Functions/Engine_MaterialFunctions02/UVs/BoundingBoxBased_0-1_UVW.uasset" 395
"../../Plugins/Editor/SpeedTreeImporter/Content/SpeedTree9/SpeedTreeWind.uasset" 396
"../../Plugins/Editor/SpeedTreeImporter/Content/SpeedTree9/SpeedTreeBillboard.uasset" 397
"../../../Engine/Content/EngineResources/DefaultTexture.uasset" 398
"../../Plugins/Editor/SpeedTreeImporter/Content/SpeedTree9/SpeedTreeBillboardMaster.uasset" 399
"../../Plugins/Editor/SpeedTreeImporter/Content/SpeedTree9/SpeedTreeCameraFacing.uasset" 400
"../../Plugins/Editor/SpeedTreeImporter/Content/SpeedTree9/SpeedTreeMaster.uasset" 401
"../../../Engine/Content/BasicShapes/Cylinder.uasset" 402
"../../../Engine/Content/ArtTools/RenderToTexture/Materials/Debug/M_Emissive_Color.uasset" 403
"../../Plugins/Lumin/MagicLeapPassableWorld/Content/MagicLeapARPinInfoActor.uasset" 404
"../../../Engine/Content/Functions/Engine_MaterialFunctions02/Utility/BreakOutFloat4Components.uasset" 405
"../../../Engine/Content/Functions/Engine_MaterialFunctions02/Utility/MakeFloat3.uasset" 406
"../../Plugins/Runtime/Oculus/OculusVR/Content/Materials/OculusMR_ChromaKey.uasset" 407
"../../Plugins/Runtime/Oculus/OculusVR/Content/Materials/OculusMR_OpaqueColoredMaterial.uasset" 408
"../../Plugins/Runtime/Oculus/OculusVR/Content/Materials/PokeAHoleMaterial.uasset" 409
"A:/Documents/Unreal Projects/Avalon/Content/StarterContent/Materials/M_AssetPlatform.uasset" 410
"A:/Documents/Unreal Projects/Avalon/Content/StarterContent/Architecture/SM_AssetPlatform.uasset" 411
"A:/Documents/Unreal Projects/Avalon/Content/StarterContent/Blueprints/Assets/M_LightStage_Arrows.uasset" 412
"A:/Documents/Unreal Projects/Avalon/Content/StarterContent/Blueprints/Assets/SunlightColorLUT.uasset" 413
"A:/Documents/Unreal Projects/Avalon/Content/StarterContent/Blueprints/Assets/FogBrightnessLUT.uasset" 414
"A:/Documents/Unreal Projects/Avalon/Content/StarterContent/HDRI/HDRI_Epic_Courtyard_Daylight.uasset" 415
"A:/Documents/Unreal Projects/Avalon/Content/StarterContent/Blueprints/Assets/SM_Arrows.uasset" 416
"../../../Engine/Content/EditorMaterials/Thumbnails/SkySphereMaterial.uasset" 417
"A:/Documents/Unreal Projects/Avalon/Content/StarterContent/Blueprints/Assets/Skybox.uasset" 418
"../../../Engine/Content/MapTemplates/Sky/DaylightAmbientCubemap.uasset" 419
"A:/Documents/Unreal Projects/Avalon/Content/StarterContent/Blueprints/Assets/M_LightStage_Skybox_Master.uasset" 420
"A:/Documents/Unreal Projects/Avalon/Content/StarterContent/Blueprints/Assets/M_LightStage_Skybox_HDRI.uasset" 421
"A:/Documents/Unreal Projects/Avalon/Content/StarterContent/Blueprints/Assets/M_LightStage_Skybox_Black.uasset" 422
"A:/Documents/Unreal Projects/Avalon/Content/StarterContent/Blueprints/BP_LightStudio.uasset" 423
"../../../Engine/Content/EditorMeshes/ColorCalibrator/M_GreyBall.uasset" 424
"../../../Engine/Content/EditorMeshes/ColorCalibrator/Color_checker.uasset" 425
"../../../Engine/Content/EditorMeshes/ColorCalibrator/M_ColorGrid.uasset" 426
"../../../Engine/Content/EditorMeshes/ColorCalibrator/M_ClearCoatBlack.uasset" 427
"../../../Engine/Content/EditorMeshes/ColorCalibrator/M_ClearCoat.uasset" 428
"../../../Engine/Content/EditorMeshes/ColorCalibrator/M_ChromeBall.uasset" 429
"../../../Engine/Content/EditorMeshes/ColorCalibrator/SM_ColorCalibrator.uasset" 430
"A:/Documents/Unreal Projects/Avalon/Content/StarterContent/Maps/Advanced_Lighting_BuiltData.uasset" 431
"A:/Documents/Unreal Projects/Avalon/Content/StarterContent/Maps/Advanced_Lighting.umap" 432
"A:/Documents/Unreal Projects/Avalon/Content/StarterContent/Architecture/Floor_400x400.uasset" 433
"A:/Documents/Unreal Projects/Avalon/Content/StarterContent/Audio/Starter_Background_Cue.uasset" 434
"A:/Documents/Unreal Projects/Avalon/Content/StarterContent/Textures/T_TableRound_N.uasset" 435
"A:/Documents/Unreal Projects/Avalon/Content/StarterContent/Textures/T_TableRound_M.uasset" 436
"A:/Documents/Unreal Projects/Avalon/Content/StarterContent/Props/Materials/M_TableRound.uasset" 437
"A:/Documents/Unreal Projects/Avalon/Content/StarterContent/Props/SM_TableRound.uasset" 438
"A:/Documents/Unreal Projects/Avalon/Content/StarterContent/Textures/T_Statue_N.uasset" 439
"A:/Documents/Unreal Projects/Avalon/Content/StarterContent/Textures/T_Statue_M.uasset" 440
"A:/Documents/Unreal Projects/Avalon/Content/StarterContent/Props/Materials/M_Statue.uasset" 441
"A:/Documents/Unreal Projects/Avalon/Content/StarterContent/Props/Materials/M_StatueGlass.uasset" 442
"A:/Documents/Unreal Projects/Avalon/Content/StarterContent/Props/SM_Statue.uasset" 443
"A:/Documents/Unreal Projects/Avalon/Content/StarterContent/Props/SM_Chair.uasset" 444
"A:/Documents/Unreal Projects/Avalon/Content/StarterContent/Textures/T_Metal_Copper_D.uasset" 445
"A:/Documents/Unreal Projects/Avalon/Content/StarterContent/Materials/M_Metal_Copper.uasset" 446
"A:/Documents/Unreal Projects/Avalon/Content/StarterContent/Textures/T_Metal_Aluminum_D.uasset" 447
"A:/Documents/Unreal Projects/Avalon/Content/StarterContent/Materials/M_Metal_Burnished_Steel.uasset" 448
"A:/Documents/Unreal Projects/Avalon/Content/StarterContent/Materials/M_Metal_Brushed_Nickel.uasset" 449
"../../../Engine/Content/EngineSky/T_Sky_Stars.uasset" 450
"../../../Engine/Content/EngineSky/T_Sky_Clouds_M.uasset" 451
"../../../Engine/Content/EngineSky/T_Sky_Blue.uasset" 452
"../../../Engine/Content/EngineSky/M_Sky_Panning_Clouds2.uasset" 453
"A:/Documents/Unreal Projects/Avalon/Content/StarterContent/Maps/Minimal_Default_BuiltData.uasset" 454
"../../../Engine/Content/EngineSky/SM_SkySphere.uasset" 455
"../../../Engine/Content/EngineSky/C_Sky_Zenith_Color.uasset" 456
"../../../Engine/Content/EngineSky/C_Sky_Horizon_Color.uasset" 457
"../../../Engine/Content/EngineSky/C_Sky_Cloud_Color.uasset" 458
"../../../Engine/Content/EngineSky/BP_Sky_Sphere.uasset" 459
"A:/Documents/Unreal Projects/Avalon/Content/StarterContent/Maps/Minimal_Default.umap" 460
"A:/Documents/Unreal Projects/Avalon/Content/StarterContent/Architecture/Wall_400x200.uasset" 461
"A:/Documents/Unreal Projects/Avalon/Content/StarterContent/Architecture/Wall_Door_400x300.uasset" 462
"A:/Documents/Unreal Projects/Avalon/Content/StarterContent/Architecture/Wall_Window_400x300.uasset" 463
"A:/Documents/Unreal Projects/Avalon/Content/StarterContent/Audio/Collapse_Cue.uasset" 464
"A:/Documents/Unreal Projects/Avalon/Content/StarterContent/Audio/Starter_Music_Cue.uasset" 465
"A:/Documents/Unreal Projects/Avalon/Content/StarterContent/Textures/T_Lamp_N.uasset" 466
"A:/Documents/Unreal Projects/Avalon/Content/StarterContent/Textures/T_Lamp_M.uasset" 467
"A:/Documents/Unreal Projects/Avalon/Content/StarterContent/Props/Materials/M_Lamp.uasset" 468
"A:/Documents/Unreal Projects/Avalon/Content/StarterContent/Props/SM_Lamp_Ceiling.uasset" 469
"A:/Documents/Unreal Projects/Avalon/Content/StarterContent/Blueprints/Blueprint_CeilingLight.uasset" 470
"A:/Documents/Unreal Projects/Avalon/Content/StarterContent/Audio/Fire01_Cue.uasset" 471
"A:/Documents/Unreal Projects/Avalon/Content/StarterContent/Particles/Materials/M_Radial_Gradient.uasset" 472
"A:/Documents/Unreal Projects/Avalon/Content/StarterContent/Textures/T_Water_N.uasset" 473
"A:/Documents/Unreal Projects/Avalon/Content/StarterContent/Particles/Materials/M_Heat_Distortion.uasset" 474
"A:/Documents/Unreal Projects/Avalon/Content/StarterContent/Textures/T_Fire_Tiled_D.uasset" 475
"A:/Documents/Unreal Projects/Avalon/Content/StarterContent/Textures/T_Fire_SubUV.uasset" 476
"A:/Documents/Unreal Projects/Avalon/Content/StarterContent/Particles/Materials/M_Fire_SubUV.uasset" 477
"A:/Documents/Unreal Projects/Avalon/Content/StarterContent/Particles/P_Fire.uasset" 478
"A:/Documents/Unreal Projects/Avalon/Content/StarterContent/Blueprints/Blueprint_Effect_Fire.uasset" 479
"A:/Documents/Unreal Projects/Avalon/Content/StarterContent/Audio/Smoke01_Cue.uasset" 480
"A:/Documents/Unreal Projects/Avalon/Content/StarterContent/Particles/P_Smoke.uasset" 481
"A:/Documents/Unreal Projects/Avalon/Content/StarterContent/Blueprints/Blueprint_Effect_Smoke.uasset" 482
"A:/Documents/Unreal Projects/Avalon/Content/StarterContent/Audio/Fire_Sparks01_Cue.uasset" 483
"A:/Documents/Unreal Projects/Avalon/Content/StarterContent/Textures/T_Spark_Core.uasset" 484
"A:/Documents/Unreal Projects/Avalon/Content/StarterContent/Particles/Materials/M_Spark.uasset" 485
"A:/Documents/Unreal Projects/Avalon/Content/StarterContent/Particles/P_Sparks.uasset" 486
"A:/Documents/Unreal Projects/Avalon/Content/StarterContent/Blueprints/Blueprint_Effect_Sparks.uasset" 487
"A:/Documents/Unreal Projects/Avalon/Content/StarterContent/Particles/P_Steam_Lit.uasset" 488
"A:/Documents/Unreal Projects/Avalon/Content/StarterContent/Audio/Steam01_Cue.uasset" 489
"A:/Documents/Unreal Projects/Avalon/Content/StarterContent/Blueprints/Blueprint_Effect_Steam.uasset" 490
"A:/Documents/Unreal Projects/Avalon/Content/StarterContent/Props/SM_Lamp_Wall.uasset" 491
"A:/Documents/Unreal Projects/Avalon/Content/StarterContent/Blueprints/Blueprint_WallSconce.uasset" 492
"A:/Documents/Unreal Projects/Avalon/Content/StarterContent/Shapes/Shape_QuadPyramid.uasset" 493
"A:/Documents/Unreal Projects/Avalon/Content/StarterContent/Shapes/Shape_Cube.uasset" 494
"A:/Documents/Unreal Projects/Avalon/Content/StarterContent/Textures/T_Frame_N.uasset" 495
"A:/Documents/Unreal Projects/Avalon/Content/StarterContent/Textures/T_Frame_M.uasset" 496
"A:/Documents/Unreal Projects/Avalon/Content/StarterContent/Props/Materials/M_Frame.uasset" 497
"A:/Documents/Unreal Projects/Avalon/Content/StarterContent/Props/SM_WindowFrame.uasset" 498
"A:/Documents/Unreal Projects/Avalon/Content/StarterContent/Props/SM_PillarFrame300.uasset" 499
"A:/Documents/Unreal Projects/Avalon/Content/StarterContent/Props/SM_PillarFrame.uasset" 500
"A:/Documents/Unreal Projects/Avalon/Content/StarterContent/Props/SM_GlassWindow.uasset" 501
"A:/Documents/Unreal Projects/Avalon/Content/StarterContent/Props/SM_DoorFrame.uasset" 502
"A:/Documents/Unreal Projects/Avalon/Content/StarterContent/Props/SM_CornerFrame.uasset" 503
"A:/Documents/Unreal Projects/Avalon/Content/StarterContent/Props/MaterialSphere.uasset" 504
"A:/Documents/Unreal Projects/Avalon/Content/StarterContent/Textures/T_Dust_Particle_D.uasset" 505
"A:/Documents/Unreal Projects/Avalon/Content/StarterContent/Particles/Materials/M_Dust_Particle.uasset" 506
"A:/Documents/Unreal Projects/Avalon/Content/StarterContent/Particles/P_Ambient_Dust.uasset" 507
"A:/Documents/Unreal Projects/Avalon/Content/StarterContent/Textures/T_Wood_Walnut_D.uasset" 508
"A:/Documents/Unreal Projects/Avalon/Content/StarterContent/Textures/T_Wood_Walnut_N.uasset" 509
"A:/Documents/Unreal Projects/Avalon/Content/StarterContent/Materials/M_Wood_Walnut.uasset" 510
"A:/Documents/Unreal Projects/Avalon/Content/StarterContent/Textures/T_Wood_Pine_N.uasset" 511
"A:/Documents/Unreal Projects/Avalon/Content/StarterContent/Textures/T_Wood_Pine_D.uasset" 512
"A:/Documents/Unreal Projects/Avalon/Content/StarterContent/Textures/T_Perlin_Noise_M.uasset" 513
"A:/Documents/Unreal Projects/Avalon/Content/StarterContent/Materials/M_Wood_Pine.uasset" 514
"A:/Documents/Unreal Projects/Avalon/Content/StarterContent/Textures/T_Wood_Oak_N.uasset" 515
"A:/Documents/Unreal Projects/Avalon/Content/StarterContent/Textures/T_Wood_Oak_D.uasset" 516
"A:/Documents/Unreal Projects/Avalon/Content/StarterContent/Materials/M_Wood_Oak.uasset" 517
"../../../Engine/Content/Functions/Engine_MaterialFunctions01/Opacity/AlphaOffset.uasset" 518
"A:/Documents/Unreal Projects/Avalon/Content/StarterContent/Textures/T_Wood_Floor_Walnut_N.uasset" 519
"A:/Documents/Unreal Projects/Avalon/Content/StarterContent/Textures/T_Wood_Floor_Walnut_M.uasset" 520
"A:/Documents/Unreal Projects/Avalon/Content/StarterContent/Textures/T_Wood_Floor_Walnut_D.uasset" 521
"A:/Documents/Unreal Projects/Avalon/Content/StarterContent/Materials/M_Wood_Floor_Walnut_Worn.uasset" 522
"A:/Documents/Unreal Projects/Avalon/Content/StarterContent/Materials/M_Wood_Floor_Walnut_Polished.uasset" 523
"A:/Documents/Unreal Projects/Avalon/Content/StarterContent/Textures/T_Water_M.uasset" 524
"A:/Documents/Unreal Projects/Avalon/Content/StarterContent/Materials/M_Water_Ocean.uasset" 525
"A:/Documents/Unreal Projects/Avalon/Content/StarterContent/Materials/M_Water_Lake.uasset" 526
"A:/Documents/Unreal Projects/Avalon/Content/StarterContent/Textures/T_Tech_Panel_N.uasset" 527
"A:/Documents/Unreal Projects/Avalon/Content/StarterContent/Textures/T_Tech_Panel_M.uasset" 528
"A:/Documents/Unreal Projects/Avalon/Content/StarterContent/Textures/T_Metal_Steel_D.uasset" 529
"A:/Documents/Unreal Projects/Avalon/Content/StarterContent/Materials/M_Tech_Panel.uasset" 530
"A:/Documents/Unreal Projects/Avalon/Content/StarterContent/Textures/T_Tech_Hex_Tile_N.uasset" 531
"A:/Documents/Unreal Projects/Avalon/Content/StarterContent/Textures/T_Tech_Hex_Tile_M.uasset" 532
"A:/Documents/Unreal Projects/Avalon/Content/StarterContent/Materials/M_Tech_Hex_Tile_Pulse.uasset" 533
"A:/Documents/Unreal Projects/Avalon/Content/StarterContent/Materials/M_Tech_Hex_Tile.uasset" 534
"A:/Documents/Unreal Projects/Avalon/Content/StarterContent/Textures/T_Tech_Dot_N.uasset" 535
"A:/Documents/Unreal Projects/Avalon/Content/StarterContent/Textures/T_Tech_Dot_M.uasset" 536
"A:/Documents/Unreal Projects/Avalon/Content/StarterContent/Textures/T_Single_Tile_N.uasset" 537
"A:/Documents/Unreal Projects/Avalon/Content/StarterContent/Textures/T_Checker_Noise_M.uasset" 538
"A:/Documents/Unreal Projects/Avalon/Content/StarterContent/Materials/M_Tech_Checker_Dot.uasset" 539
"A:/Documents/Unreal Projects/Avalon/Content/StarterContent/Textures/T_Rock_Slate_N.uasset" 540
"A:/Documents/Unreal Projects/Avalon/Content/StarterContent/Textures/T_Rock_Slate_D.uasset" 541
"A:/Documents/Unreal Projects/Avalon/Content/StarterContent/Materials/M_Rock_Slate.uasset" 542
"A:/Documents/Unreal Projects/Avalon/Content/StarterContent/Textures/T_Rock_Sandstone_N.uasset" 543
"A:/Documents/Unreal Projects/Avalon/Content/StarterContent/Textures/T_Rock_Sandstone_D.uasset" 544
"A:/Documents/Unreal Projects/Avalon/Content/StarterContent/Materials/M_Rock_Sandstone.uasset" 545
"A:/Documents/Unreal Projects/Avalon/Content/StarterContent/Textures/T_Rock_Marble_Polished_D.uasset" 546
"A:/Documents/Unreal Projects/Avalon/Content/StarterContent/Materials/M_Rock_Marble_Polished.uasset" 547
"A:/Documents/Unreal Projects/Avalon/Content/StarterContent/Textures/T_Rock_Basalt_N.uasset" 548
"A:/Documents/Unreal Projects/Avalon/Content/StarterContent/Materials/M_Rock_Basalt.uasset" 549
"A:/Documents/Unreal Projects/Avalon/Content/StarterContent/Textures/T_Metal_Steel_N.uasset" 550
"A:/Documents/Unreal Projects/Avalon/Content/StarterContent/Materials/M_Metal_Steel.uasset" 551
"A:/Documents/Unreal Projects/Avalon/Content/StarterContent/Textures/T_Metal_Rust_D.uasset" 552
"A:/Documents/Unreal Projects/Avalon/Content/StarterContent/Textures/T_Metal_Rust_N.uasset" 553
"A:/Documents/Unreal Projects/Avalon/Content/StarterContent/Materials/M_Metal_Rust.uasset" 554
"A:/Documents/Unreal Projects/Avalon/Content/StarterContent/Materials/M_Metal_Chrome.uasset" 555
"A:/Documents/Unreal Projects/Avalon/Content/StarterContent/Textures/T_Ground_Moss_N.uasset" 556
"A:/Documents/Unreal Projects/Avalon/Content/StarterContent/Textures/T_ground_Moss_D.uasset" 557
"A:/Documents/Unreal Projects/Avalon/Content/StarterContent/Materials/M_Ground_Moss.uasset" 558
"A:/Documents/Unreal Projects/Avalon/Content/StarterContent/Textures/T_Ground_Gravel_N.uasset" 559
"A:/Documents/Unreal Projects/Avalon/Content/StarterContent/Textures/T_Ground_Gravel_D.uasset" 560
"A:/Documents/Unreal Projects/Avalon/Content/StarterContent/Materials/M_Ground_Gravel.uasset" 561
"A:/Documents/Unreal Projects/Avalon/Content/StarterContent/Textures/T_Ground_Grass_N.uasset" 562
"A:/Documents/Unreal Projects/Avalon/Content/StarterContent/Textures/T_Ground_Grass_D.uasset" 563
"A:/Documents/Unreal Projects/Avalon/Content/StarterContent/Materials/M_Ground_Grass.uasset" 564
"A:/Documents/Unreal Projects/Avalon/Content/StarterContent/Textures/T_Concrete_Tiles_Variation_M.uasset" 565
"A:/Documents/Unreal Projects/Avalon/Content/StarterContent/Textures/T_Concrete_Tiles_N.uasset" 566
"A:/Documents/Unreal Projects/Avalon/Content/StarterContent/Textures/T_Concrete_Tiles_M.uasset" 567
"A:/Documents/Unreal Projects/Avalon/Content/StarterContent/Textures/T_Concrete_Tiles_D.uasset" 568
"A:/Documents/Unreal Projects/Avalon/Content/StarterContent/Materials/M_Concrete_Tiles.uasset" 569
"A:/Documents/Unreal Projects/Avalon/Content/StarterContent/Textures/T_Concrete_Panels_N.uasset" 570
"A:/Documents/Unreal Projects/Avalon/Content/StarterContent/Textures/T_Concrete_Panels_D.uasset" 571
"A:/Documents/Unreal Projects/Avalon/Content/StarterContent/Materials/M_Concrete_Panels.uasset" 572
"A:/Documents/Unreal Projects/Avalon/Content/StarterContent/Textures/T_Concrete_Grime_D.uasset" 573
"A:/Documents/Unreal Projects/Avalon/Content/StarterContent/Materials/M_Concrete_Grime.uasset" 574
"A:/Documents/Unreal Projects/Avalon/Content/StarterContent/Textures/T_CobbleStone_Smooth_N.uasset" 575
"A:/Documents/Unreal Projects/Avalon/Content/StarterContent/Textures/T_CobbleStone_Smooth_M.uasset" 576
"A:/Documents/Unreal Projects/Avalon/Content/StarterContent/Textures/T_CobbleStone_Smooth_D.uasset" 577
"A:/Documents/Unreal Projects/Avalon/Content/StarterContent/Textures/T_Rock_Smooth_Granite_D.uasset" 578
"A:/Documents/Unreal Projects/Avalon/Content/StarterContent/Textures/T_Gradinet_01.uasset" 579
"A:/Documents/Unreal Projects/Avalon/Content/StarterContent/Materials/M_CobbleStone_Smooth.uasset" 580
"A:/Documents/Unreal Projects/Avalon/Content/StarterContent/Textures/T_CobbleStone_Rough_N.uasset" 581
"A:/Documents/Unreal Projects/Avalon/Content/StarterContent/Textures/T_CobbleStone_Rough_D.uasset" 582
"A:/Documents/Unreal Projects/Avalon/Content/StarterContent/Materials/M_CobbleStone_Rough.uasset" 583
"A:/Documents/Unreal Projects/Avalon/Content/StarterContent/Textures/T_CobbleStone_Pebble_N.uasset" 584
"A:/Documents/Unreal Projects/Avalon/Content/StarterContent/Textures/T_CobbleStone_Pebble_M.uasset" 585
"A:/Documents/Unreal Projects/Avalon/Content/StarterContent/Textures/T_CobbleStone_Pebble_D.uasset" 586
"A:/Documents/Unreal Projects/Avalon/Content/StarterContent/Materials/M_CobbleStone_Pebble.uasset" 587
"A:/Documents/Unreal Projects/Avalon/Content/StarterContent/Textures/T_Ceramic_Tile_N.uasset" 588
"A:/Documents/Unreal Projects/Avalon/Content/StarterContent/Textures/T_Ceramic_Tile_M.uasset" 589
"A:/Documents/Unreal Projects/Avalon/Content/StarterContent/Materials/M_Ceramic_Tile_Checker.uasset" 590
"A:/Documents/Unreal Projects/Avalon/Content/StarterContent/Textures/T_Brick_Hewn_Stone_N.uasset" 591
"A:/Documents/Unreal Projects/Avalon/Content/StarterContent/Textures/T_Brick_Hewn_Stone_M.uasset" 592
"A:/Documents/Unreal Projects/Avalon/Content/StarterContent/Textures/T_Brick_Hewn_Stone_D.uasset" 593
"A:/Documents/Unreal Projects/Avalon/Content/StarterContent/Materials/M_Brick_Hewn_Stone.uasset" 594
"A:/Documents/Unreal Projects/Avalon/Content/StarterContent/Textures/T_Brick_Cut_Stone_N.uasset" 595
"A:/Documents/Unreal Projects/Avalon/Content/StarterContent/Textures/T_Brick_Cut_Stone_D.uasset" 596
"A:/Documents/Unreal Projects/Avalon/Content/StarterContent/Materials/M_Brick_Cut_Stone.uasset" 597
"A:/Documents/Unreal Projects/Avalon/Content/StarterContent/Textures/T_Brick_Clay_Old_N.uasset" 598
"A:/Documents/Unreal Projects/Avalon/Content/StarterContent/Textures/T_Brick_Clay_Old_D.uasset" 599
"A:/Documents/Unreal Projects/Avalon/Content/StarterContent/Materials/M_Brick_Clay_Old.uasset" 600
"A:/Documents/Unreal Projects/Avalon/Content/StarterContent/Textures/T_Brick_Clay_New_N.uasset" 601
"A:/Documents/Unreal Projects/Avalon/Content/StarterContent/Textures/T_Brick_Clay_New_M.uasset" 602
"A:/Documents/Unreal Projects/Avalon/Content/StarterContent/Textures/T_Brick_Clay_New_D.uasset" 603
"A:/Documents/Unreal Projects/Avalon/Content/StarterContent/Materials/M_Brick_Clay_New.uasset" 604
"A:/Documents/Unreal Projects/Avalon/Content/StarterContent/Textures/T_Brick_Clay_Beveled_N.uasset" 605
"A:/Documents/Unreal Projects/Avalon/Content/StarterContent/Textures/T_Brick_Clay_Beveled_M.uasset" 606
"A:/Documents/Unreal Projects/Avalon/Content/StarterContent/Textures/T_Brick_Clay_Beveled_D.uasset" 607
"A:/Documents/Unreal Projects/Avalon/Content/StarterContent/Materials/M_Brick_Clay_Beveled.uasset" 608
"../../../Engine/Content/Functions/Engine_MaterialFunctions03/Procedurals/ComputeFilterWidth.uasset" 609
"../../../Engine/Content/EngineMaterials/AntiAliasedTextMaterialTranslucent.uasset" 610
"A:/Documents/Unreal Projects/Avalon/Content/StarterContent/Maps/StarterMap_BuiltData.uasset" 611
"A:/Documents/Unreal Projects/Avalon/Content/StarterContent/Textures/T_Concrete_Poured_N.uasset" 612
"A:/Documents/Unreal Projects/Avalon/Content/StarterContent/Textures/T_Concrete_Poured_D.uasset" 613
"A:/Documents/Unreal Projects/Avalon/Content/StarterContent/Materials/M_Concrete_Poured.uasset" 614
"A:/Documents/Unreal Projects/Avalon/Content/StarterContent/Maps/StarterMap.umap" 615
"../../../Engine/Content/BasicShapes/Cube.uasset" 616
"../../../Engine/Content/BasicShapes/Cone.uasset" 617
"../../../Engine/Content/BasicShapes/BasicShapeMaterial.uasset" 618
"A:/Documents/Unreal Projects/Avalon/Content/TeamAvalonMadeContent/Levels/Avalon_BuiltData.uasset" 619
"A:/Documents/Unreal Projects/Avalon/Content/TeamAvalonMadeContent/UI/Health/HitBoxToAddOrSubtract.uasset" 620
"A:/Documents/Unreal Projects/Avalon/Content/TeamAvalonMadeContent/CustomShapes/Torus.uasset" 621
"A:/Documents/Unreal Projects/Avalon/Content/TeamAvalonMadeContent/CustomShapes/OuterWall.uasset" 622
"A:/Documents/Unreal Projects/Avalon/Content/TeamAvalonMadeContent/CustomShapes/CenterHole.uasset" 623
"A:/Documents/Unreal Projects/Avalon/Content/TeamAvalonMadeContent/CustomShapes/AvalonSafeHouse1.uasset" 624
"A:/Documents/Unreal Projects/Avalon/Content/TeamAvalonMadeContent/Levels/Avalon.umap" 625
"A:/Documents/Unreal Projects/Avalon/Content/Geometry/Meshes/1M_Cube_Chamfer.uasset" 626
"A:/Documents/Unreal Projects/Avalon/Content/Geometry/Meshes/TemplateFloor.uasset" 627
"A:/Documents/Unreal Projects/Avalon/Content/ThirdPersonBP/Maps/ThirdPersonExampleMap_BuiltData.uasset" 628
"A:/Documents/Unreal Projects/Avalon/Content/ThirdPersonBP/Blueprints/ThirdPersonGameMode.uasset" 629
"A:/Documents/Unreal Projects/Avalon/Content/ThirdPerson/Meshes/RampMaterial.uasset" 630
"A:/Documents/Unreal Projects/Avalon/Content/ThirdPerson/Meshes/RightArm_StaticMesh.uasset" 631
"A:/Documents/Unreal Projects/Avalon/Content/ThirdPerson/Meshes/Ramp_StaticMesh.uasset" 632
"A:/Documents/Unreal Projects/Avalon/Content/ThirdPerson/Meshes/Linear_Stair_StaticMesh.uasset" 633
"A:/Documents/Unreal Projects/Avalon/Content/ThirdPerson/Meshes/LeftArm_StaticMesh.uasset" 634
"A:/Documents/Unreal Projects/Avalon/Content/ThirdPerson/Meshes/Bump_StaticMesh.uasset" 635
"A:/Documents/Unreal Projects/Avalon/Content/TeamAvalonMadeContent/UI/UI.uasset" 636
"A:/Documents/Unreal Projects/Avalon/Content/ThirdPersonBP/Maps/ThirdPersonExampleMap.umap" 637
"A:/Documents/Unreal Projects/Avalon/Content/TeamAvalonMadeContent/MainMenuUI/Option.uasset" 638
"A:/Documents/Unreal Projects/Avalon/Content/TeamAvalonMadeContent/MainMenuUI/Help.uasset" 639
"A:/Documents/Unreal Projects/Avalon/Content/TeamAvalonMadeContent/GameLogo/avalon_logo.uasset" 640
"A:/Documents/Unreal Projects/Avalon/Content/TeamAvalonMadeContent/MainMenuUI/MainMenu.uasset" 641
"A:/Documents/Unreal Projects/Avalon/Content/TeamAvalonMadeContent/Levels/MainMenu.umap" 642
"../../../Engine/Content/Maps/Entry_BuiltData.uasset" 643
"../../../Engine/Content/Maps/Entry.umap" 644
